0 info it worked if it ends with ok
1 verbose cli [ '/usr/local/bin/node',
1 verbose cli   '/usr/local/bin/npm',
1 verbose cli   'install',
1 verbose cli   '--save',
1 verbose cli   'react',
1 verbose cli   'react-dom' ]
2 info using npm@3.10.10
3 info using node@v6.10.0
4 silly loadCurrentTree Starting
5 silly install loadCurrentTree
6 silly install readLocalPackageData
7 silly fetchPackageMetaData react
8 silly fetchPackageMetaData react-dom
9 silly fetchNamedPackageData react
10 silly mapToRegistry name react
11 silly mapToRegistry using default registry
12 silly mapToRegistry registry https://registry.npmjs.org/
13 silly mapToRegistry data Result {
13 silly mapToRegistry   raw: 'react',
13 silly mapToRegistry   scope: null,
13 silly mapToRegistry   escapedName: 'react',
13 silly mapToRegistry   name: 'react',
13 silly mapToRegistry   rawSpec: '',
13 silly mapToRegistry   spec: 'latest',
13 silly mapToRegistry   type: 'tag' }
14 silly mapToRegistry uri https://registry.npmjs.org/react
15 silly fetchNamedPackageData react-dom
16 silly mapToRegistry name react-dom
17 silly mapToRegistry using default registry
18 silly mapToRegistry registry https://registry.npmjs.org/
19 silly mapToRegistry data Result {
19 silly mapToRegistry   raw: 'react-dom',
19 silly mapToRegistry   scope: null,
19 silly mapToRegistry   escapedName: 'react-dom',
19 silly mapToRegistry   name: 'react-dom',
19 silly mapToRegistry   rawSpec: '',
19 silly mapToRegistry   spec: 'latest',
19 silly mapToRegistry   type: 'tag' }
20 silly mapToRegistry uri https://registry.npmjs.org/react-dom
21 verbose request uri https://registry.npmjs.org/react
22 verbose request no auth needed
23 info attempt registry request try #1 at 10:22:01
24 verbose request id b9055ab2f582f129
25 http request GET https://registry.npmjs.org/react
26 verbose request uri https://registry.npmjs.org/react-dom
27 verbose request no auth needed
28 info attempt registry request try #1 at 10:22:01
29 http request GET https://registry.npmjs.org/react-dom
30 http 200 https://registry.npmjs.org/react-dom
31 verbose headers { server: 'nginx/1.10.1',
31 verbose headers   'content-type': 'application/json',
31 verbose headers   'last-modified': 'Tue, 14 Mar 2017 19:16:05 GMT',
31 verbose headers   etag: 'W/"58c84175-120ea"',
31 verbose headers   'content-encoding': 'gzip',
31 verbose headers   'cache-control': 'max-age=300',
31 verbose headers   'content-length': '7563',
31 verbose headers   'accept-ranges': 'bytes',
31 verbose headers   date: 'Mon, 20 Mar 2017 02:22:02 GMT',
31 verbose headers   via: '1.1 varnish',
31 verbose headers   age: '265',
31 verbose headers   connection: 'keep-alive',
31 verbose headers   'x-served-by': 'cache-nrt6130-NRT',
31 verbose headers   'x-cache': 'HIT',
31 verbose headers   'x-cache-hits': '3',
31 verbose headers   'x-timer': 'S1489976522.318151,VS0,VE0',
31 verbose headers   vary: 'Accept-Encoding' }
32 silly get cb [ 200,
32 silly get   { server: 'nginx/1.10.1',
32 silly get     'content-type': 'application/json',
32 silly get     'last-modified': 'Tue, 14 Mar 2017 19:16:05 GMT',
32 silly get     etag: 'W/"58c84175-120ea"',
32 silly get     'content-encoding': 'gzip',
32 silly get     'cache-control': 'max-age=300',
32 silly get     'content-length': '7563',
32 silly get     'accept-ranges': 'bytes',
32 silly get     date: 'Mon, 20 Mar 2017 02:22:02 GMT',
32 silly get     via: '1.1 varnish',
32 silly get     age: '265',
32 silly get     connection: 'keep-alive',
32 silly get     'x-served-by': 'cache-nrt6130-NRT',
32 silly get     'x-cache': 'HIT',
32 silly get     'x-cache-hits': '3',
32 silly get     'x-timer': 'S1489976522.318151,VS0,VE0',
32 silly get     vary: 'Accept-Encoding' } ]
33 verbose get saving react-dom to /Users/xue_yh/.npm/registry.npmjs.org/react-dom/.cache.json
34 verbose correctMkdir /Users/xue_yh/.npm correctMkdir not in flight; initializing
35 http 200 https://registry.npmjs.org/react
36 verbose headers { server: 'nginx/1.10.1',
36 verbose headers   'content-type': 'application/json',
36 verbose headers   'last-modified': 'Fri, 17 Mar 2017 09:26:02 GMT',
36 verbose headers   etag: 'W/"58cbabaa-23ad4"',
36 verbose headers   'content-encoding': 'gzip',
36 verbose headers   'cache-control': 'max-age=300',
36 verbose headers   'content-length': '14161',
36 verbose headers   'accept-ranges': 'bytes',
36 verbose headers   date: 'Mon, 20 Mar 2017 02:22:02 GMT',
36 verbose headers   via: '1.1 varnish',
36 verbose headers   age: '168',
36 verbose headers   connection: 'keep-alive',
36 verbose headers   'x-served-by': 'cache-nrt6125-NRT',
36 verbose headers   'x-cache': 'HIT',
36 verbose headers   'x-cache-hits': '5',
36 verbose headers   'x-timer': 'S1489976522.317633,VS0,VE0',
36 verbose headers   vary: 'Accept-Encoding' }
37 silly get cb [ 200,
37 silly get   { server: 'nginx/1.10.1',
37 silly get     'content-type': 'application/json',
37 silly get     'last-modified': 'Fri, 17 Mar 2017 09:26:02 GMT',
37 silly get     etag: 'W/"58cbabaa-23ad4"',
37 silly get     'content-encoding': 'gzip',
37 silly get     'cache-control': 'max-age=300',
37 silly get     'content-length': '14161',
37 silly get     'accept-ranges': 'bytes',
37 silly get     date: 'Mon, 20 Mar 2017 02:22:02 GMT',
37 silly get     via: '1.1 varnish',
37 silly get     age: '168',
37 silly get     connection: 'keep-alive',
37 silly get     'x-served-by': 'cache-nrt6125-NRT',
37 silly get     'x-cache': 'HIT',
37 silly get     'x-cache-hits': '5',
37 silly get     'x-timer': 'S1489976522.317633,VS0,VE0',
37 silly get     vary: 'Accept-Encoding' } ]
38 verbose get saving react to /Users/xue_yh/.npm/registry.npmjs.org/react/.cache.json
39 verbose correctMkdir /Users/xue_yh/.npm correctMkdir not in flight; initializing
40 silly install normalizeTree
41 silly loadCurrentTree Finishing
42 silly loadIdealTree Starting
43 silly install loadIdealTree
44 silly cloneCurrentTree Starting
45 silly install cloneCurrentTreeToIdealTree
46 silly cloneCurrentTree Finishing
47 silly loadShrinkwrap Starting
48 silly install loadShrinkwrap
49 silly loadShrinkwrap Finishing
50 silly loadAllDepsIntoIdealTree Starting
51 silly install loadAllDepsIntoIdealTree
52 silly rollbackFailedOptional Starting
53 silly rollbackFailedOptional Finishing
54 silly runTopLevelLifecycles Finishing
55 silly install printInstalled
56 verbose stack Error: Refusing to install react as a dependency of itself
56 verbose stack     at checkSelf (/usr/local/lib/node_modules/npm/lib/install/validate-args.js:53:14)
56 verbose stack     at Array.<anonymous> (/usr/local/lib/node_modules/npm/node_modules/slide/lib/bind-actor.js:15:8)
56 verbose stack     at LOOP (/usr/local/lib/node_modules/npm/node_modules/slide/lib/chain.js:15:14)
56 verbose stack     at chain (/usr/local/lib/node_modules/npm/node_modules/slide/lib/chain.js:20:5)
56 verbose stack     at /usr/local/lib/node_modules/npm/lib/install/validate-args.js:16:5
56 verbose stack     at /usr/local/lib/node_modules/npm/node_modules/slide/lib/async-map.js:52:35
56 verbose stack     at Array.forEach (native)
56 verbose stack     at /usr/local/lib/node_modules/npm/node_modules/slide/lib/async-map.js:52:11
56 verbose stack     at Array.forEach (native)
56 verbose stack     at asyncMap (/usr/local/lib/node_modules/npm/node_modules/slide/lib/async-map.js:51:8)
57 verbose cwd /Users/xue_yh/myGitHub/react
58 error Darwin 16.4.0
59 error argv "/usr/local/bin/node" "/usr/local/bin/npm" "install" "--save" "react" "react-dom"
60 error node v6.10.0
61 error npm  v3.10.10
62 error code ENOSELF
63 error Refusing to install react as a dependency of itself
64 error If you need help, you may report this error at:
64 error     <https://github.com/npm/npm/issues>
65 verbose exit [ 1, true ]
